0 info it worked if it ends with ok
1 verbose cli [ '/usr/local/bin/node',
1 verbose cli   '/usr/local/bin/npm',
1 verbose cli   'version',
1 verbose cli   'patch' ]
2 info using npm@1.4.3
3 info using node@v0.10.26
4 error Error: Command failed: fatal: tag 'v0.0.7' already exists
4 error
4 error     at ChildProcess.exithandler (child_process.js:637:15)
4 error     at ChildProcess.EventEmitter.emit (events.js:98:17)
4 error     at maybeClose (child_process.js:743:16)
4 error     at Socket.<anonymous> (child_process.js:956:11)
4 error     at Socket.EventEmitter.emit (events.js:95:17)
4 error     at Pipe.close (net.js:465:12)
5 error If you need help, you may report this *entire* log,
5 error including the npm and node versions, at:
5 error     <http://github.com/npm/npm/issues>
6 error System Darwin 12.4.0
7 error command "/usr/local/bin/node" "/usr/local/bin/npm" "version" "patch"
8 error cwd /Volumes/Storage/cnd/node_modules/coffeenode-rss
9 error node -v v0.10.26
10 error npm -v 1.4.3
11 error code 128
12 verbose exit [ 1, true ]
